<?xml version="1.0" encoding="UTF-8"?>
<testsuite name="Testing3" tests="3" skipped="0" failures="0" errors="0" timestamp="2022-12-08T20:12:32" hostname="MacBook-SVP.Home" time="0.75">
  <properties/>
  <testcase name="happyHour()" classname="Testing3" time="0.038"/>
  <testcase name="removeObserver()" classname="Testing3" time="0.696"/>
  <testcase name="addObserver()" classname="Testing3" time="0.011"/>
  <system-out><![CDATA[]]></system-out>
  <system-err><![CDATA[]]></system-err>
</testsuite>
